AH00558: httpd.exe: Could not reliably determine the server's fully qualified domain name, using fe80::2d26:186:4c29:9dda. Set the 'ServerName' directive globally to suppress this message
[Sat Feb 03 14:20:01.003715 2024] [core:warn] [pid 16040:tid 444] AH00098: pid file C:/Apache24/logs/httpd.pid overwritten -- Unclean shutdown of previous Apache run?
[Sat Feb 03 14:20:01.044710 2024] [mpm_winnt:notice] [pid 16040:tid 444] AH00455: Apache/2.4.58 (Win64) PHP/8.3.2 configured -- resuming normal operations
[Sat Feb 03 14:20:01.044710 2024] [mpm_winnt:notice] [pid 16040:tid 444] AH00456: Apache Lounge VS17 Server built: Jan 30 2024 19:01:23
[Sat Feb 03 14:20:01.044710 2024] [core:notice] [pid 16040:tid 444] AH00094: Command line: 'C:\\Apache24\\bin\\httpd.exe -d C:/Apache24'
[Sat Feb 03 14:20:01.049209 2024] [mpm_winnt:notice] [pid 16040:tid 444] AH00418: Parent: Created child process 4980
AH00558: httpd.exe: Could not reliably determine the server's fully qualified domain name, using fe80::2d26:186:4c29:9dda. Set the 'ServerName' directive globally to suppress this message
Apache server shutdown initiated...
ly determine the server's fully qualified domain name, using fe80::2d26:186:4c29:9dda. Set the 'ServerName' directive globally to suppress this message
[Sat Feb 03 14:20:01.730644 2024] [mpm_winnt:notice] [pid 4980:tid 476] AH00354: Child: Starting 64 worker threads.
[Sat Feb 03 14:20:01.733644 2024] [php:error] [pid 4980:tid 1280] [client 127.0.0.1:53259] PHP Fatal error:  Uncaught Error: Undefined constant "phpinfo" in C:\\localhost\\index.php:2\nStack trace:\n#0 {main}\n  thrown in C:\\localhost\\index.php on line 2
[Sat Feb 03 14:20:03.929408 2024] [php:error] [pid 4980:tid 1280] [client 127.0.0.1:53259] PHP Fatal error:  Uncaught Error: Undefined constant "phpinfo" in C:\\localhost\\index.php:2\nStack trace:\n#0 {main}\n  thrown in C:\\localhost\\index.php on line 2
[Sat Feb 03 14:20:05.056039 2024] [php:error] [pid 4980:tid 1280] [client 127.0.0.1:53259] PHP Fatal error:  Uncaught Error: Undefined constant "phpinfo" in C:\\localhost\\index.php:2\nStack trace:\n#0 {main}\n  thrown in C:\\localhost\\index.php on line 2
[Sat Feb 03 14:27:33.684827 2024] [mpm_winnt:notice] [pid 16040:tid 444] AH00422: Parent: Received shutdown signal -- Shutting down the server.
[Sat Feb 03 14:27:35.703215 2024] [mpm_winnt:notice] [pid 4980:tid 476] AH00364: Child: All worker threads have exited.
[Sat Feb 03 14:27:35.729224 2024] [mpm_winnt:notice] [pid 16040:tid 444] AH00430: Parent: Child process 4980 exited successfully.
AH00558: httpd.exe: Could not reliably determine the server's fully qualified domain name, using fe80::2d26:186:4c29:9dda. Set the 'ServerName' directive globally to suppress this message
PHP Warning:  PHP Startup: Unable to load dynamic library 'pdo_pgsql' (tried: C:\\php\\ext\\pdo_pgsql (\xd0\x9d\xd0\xb5 \xd0\xbd\xd0\xb0\xd0\xb9\xd0\xb4\xd0\xb5\xd0\xbd \xd1\x83\xd0\xba\xd0\xb0\xd0\xb7\xd0\xb0\xd0\xbd\xd0\xbd\xd1\x8b\xd0\xb9 \xd0\xbc\xd0\xbe\xd0\xb4\xd1\x83\xd0\xbb\xd1\x8c), C:\\php\\ext\\php_pdo_pgsql.dll (\xd0\x9d\xd0\xb5 \xd0\xbd\xd0\xb0\xd0\xb9\xd0\xb4\xd0\xb5\xd0\xbd \xd1\x83\xd0\xba\xd0\xb0\xd0\xb7\xd0\xb0\xd0\xbd\xd0\xbd\xd1\x8b\xd0\xb9 \xd0\xbc\xd0\xbe\xd0\xb4\xd1\x83\xd0\xbb\xd1\x8c)) in Unknown on line 0
PHP Warning:  PHP Startup: Unable to load dynamic library 'pgsql' (tried: C:\\php\\ext\\pgsql (\xd0\x9d\xd0\xb5 \xd0\xbd\xd0\xb0\xd0\xb9\xd0\xb4\xd0\xb5\xd0\xbd \xd1\x83\xd0\xba\xd0\xb0\xd0\xb7\xd0\xb0\xd0\xbd\xd0\xbd\xd1\x8b\xd0\xb9 \xd0\xbc\xd0\xbe\xd0\xb4\xd1\x83\xd0\xbb\xd1\x8c), C:\\php\\ext\\php_pgsql.dll (\xd0\x9d\xd0\xb5 \xd0\xbd\xd0\xb0\xd0\xb9\xd0\xb4\xd0\xb5\xd0\xbd \xd1\x83\xd0\xba\xd0\xb0\xd0\xb7\xd0\xb0\xd0\xbd\xd0\xbd\xd1\x8b\xd0\xb9 \xd0\xbc\xd0\xbe\xd0\xb4\xd1\x83\xd0\xbb\xd1\x8c)) in Unknown on line 0
[Sat Feb 03 21:05:42.271815 2024] [mpm_winnt:notice] [pid 6328:tid 428] AH00455: Apache/2.4.58 (Win64) PHP/8.3.2 configured -- resuming normal operations
[Sat Feb 03 21:05:42.271815 2024] [mpm_winnt:notice] [pid 6328:tid 428] AH00456: Apache Lounge VS17 Server built: Jan 30 2024 19:01:23
[Sat Feb 03 21:05:42.271815 2024] [core:notice] [pid 6328:tid 428] AH00094: Command line: 'C:\\Apache24\\bin\\httpd.exe -d C:/Apache24'
[Sat Feb 03 21:05:42.274815 2024] [mpm_winnt:notice] [pid 6328:tid 428] AH00418: Parent: Created child process 11548
AH00558: httpd.exe: Could not reliably determine the server's fully qualified domain name, using fe80::2d26:186:4c29:9dda. Set the 'ServerName' directive globally to suppress this message
AH00558: httpd.exe: Could not reliably determine the server's fully qualified domain name, using fe80::2d26:186:4c29:9dda. Set the 'ServerName' directive globally to suppress this message
PHP Warning:  PHP Startup: Unable to load dynamic library 'pdo_pgsql' (tried: C:\\php\\ext\\pdo_pgsql (\xd0\x9d\xd0\xb5 \xd0\xbd\xd0\xb0\xd0\xb9\xd0\xb4\xd0\xb5\xd0\xbd \xd1\x83\xd0\xba\xd0\xb0\xd0\xb7\xd0\xb0\xd0\xbd\xd0\xbd\xd1\x8b\xd0\xb9 \xd0\xbc\xd0\xbe\xd0\xb4\xd1\x83\xd0\xbb\xd1\x8c), C:\\php\\ext\\php_pdo_pgsql.dll (\xd0\x9d\xd0\xb5 \xd0\xbd\xd0\xb0\xd0\xb9\xd0\xb4\xd0\xb5\xd0\xbd \xd1\x83\xd0\xba\xd0\xb0\xd0\xb7\xd0\xb0\xd0\xbd\xd0\xbd\xd1\x8b\xd0\xb9 \xd0\xbc\xd0\xbe\xd0\xb4\xd1\x83\xd0\xbb\xd1\x8c)) in Unknown on line 0
PHP Warning:  PHP Startup: Unable to load dynamic library 'pgsql' (tried: C:\\php\\ext\\pgsql (\xd0\x9d\xd0\xb5 \xd0\xbd\xd0\xb0\xd0\xb9\xd0\xb4\xd0\xb5\xd0\xbd \xd1\x83\xd0\xba\xd0\xb0\xd0\xb7\xd0\xb0\xd0\xbd\xd0\xbd\xd1\x8b\xd0\xb9 \xd0\xbc\xd0\xbe\xd0\xb4\xd1\x83\xd0\xbb\xd1\x8c), C:\\php\\ext\\php_pgsql.dll (\xd0\x9d\xd0\xb5 \xd0\xbd\xd0\xb0\xd0\xb9\xd0\xb4\xd0\xb5\xd0\xbd \xd1\x83\xd0\xba\xd0\xb0\xd0\xb7\xd0\xb0\xd0\xbd\xd0\xbd\xd1\x8b\xd0\xb9 \xd0\xbc\xd0\xbe\xd0\xb4\xd1\x83\xd0\xbb\xd1\x8c)) in Unknown on line 0
[Sat Feb 03 21:05:43.841815 2024] [mpm_winnt:notice] [pid 11548:tid 420] AH00354: Child: Starting 64 worker threads.
